[0mGET /stream/join [0m-[0m - ms - -[0m
[0mGET /stream/join [32m200[0m 3.631 ms - 2[0m
[0mGET /stream/join [0m-[0m - ms - -[0m
[0mGET /stream/join [31m500[0m 679.863 ms - 18[0m
[0mGET /stream/join [32m200[0m 1001.656 ms - 72[0m
[0mGET /stream/join [36m304[0m 981.711 ms - -[0m
[0mGET /channel/data/all [32m200[0m 24.718 ms - 30[0m
[0mGET /stream/join [31m500[0m 24.356 ms - 18[0m
[0mGET /stream/join [31m500[0m 14.389 ms - 18[0m
[0mGET /stream/join [31m500[0m 23.915 ms - 18[0m
[0mGET /stream/join [31m500[0m 24.307 ms - 18[0m
[0mGET /stream/join [31m500[0m 24.229 ms - 18[0m
[0mGET /stream/join [31m500[0m 26.093 ms - 18[0m
[0mGET /stream/join [31m500[0m 25.293 ms - 18[0m
[0mGET /stream/join [31m500[0m 2884.919 ms - 18[0m
[0mGET /stream/join [31m500[0m 31.142 ms - 18[0m
[0mGET /stream/join [32m200[0m 1071.028 ms - 78[0m
[0mGET /stream/join [36m304[0m 1060.446 ms - -[0m
[0mGET /stream/join [36m304[0m 1058.664 ms - -[0m
[0mGET /stream/join [36m304[0m 1019.461 ms - -[0m
[0mGET /stream/join [36m304[0m 1040.791 ms - -[0m
[0mGET /stream/migrate-media-data [32m201[0m 1687.359 ms - 379[0m
[0mGET /stream/migrate-media-data [32m201[0m 1229.929 ms - 374[0m
[0mGET /stream/migrate-media-data [32m201[0m 1574.393 ms - 379[0m
[0mGET /stream/migrate-media-data [32m201[0m 1631.832 ms - 379[0m
[0mGET /stream/migrate-media-data [32m201[0m 1714.609 ms - 378[0m
[0mGET /stream/migrate-media-data [32m201[0m 1334.064 ms - 413[0m
[0mGET /stream/migrate-media-data [32m201[0m 1599.745 ms - 413[0m
[0mGET /stream/migrate-media-data [32m201[0m 1558.781 ms - 413[0m
[0mGET /stream/migrate-media-data [32m201[0m 1409.060 ms - 413[0m
[0mGET /stream/migrate-media-data [32m201[0m 36581.698 ms - 408[0m
[0mGET /stream/migrate-media-data [32m201[0m 20466.173 ms - 413[0m
[0mGET /stream/migrate-media-data [32m201[0m 1434.062 ms - 378[0m
[0mGET /stream/migrate-media-data [32m201[0m 1366.958 ms - 378[0m
[0mGET /stream/migrate-media-data [32m201[0m 1482.313 ms - 365[0m
[0mGET /stream/migrate-media-data [32m201[0m 1316.974 ms - 378[0m
[0mGET /stream/migrate-media-data [32m201[0m 1593.398 ms - 373[0m
[0mGET /stream/migrate-media-data [32m201[0m 1546.117 ms - 378[0m
[0mGET /stream/migrate-media-data [32m201[0m 3548.496 ms - 378[0m
[0mGET /stream/migrate-media-data [32m201[0m 3116.736 ms - 378[0m
[0mGET /stream/migrate-media-data [32m201[0m 3584.477 ms - 378[0m
[0mGET /stream/migrate-media-data [32m201[0m 3656.015 ms - 378[0m
[0mGET /stream/migrate-media-data [32m201[0m 3401.726 ms - 378[0m
[0mGET /stream/migrate-media-data [32m201[0m 3221.398 ms - 378[0m
[0mGET /stream/migrate-media-data [32m201[0m 2685.510 ms - 378[0m
[0mGET /stream/migrate-media-data [32m201[0m 2708.144 ms - 378[0m
[0mGET /stream/migrate-media-data [32m201[0m 3018.822 ms - 378[0m
[0mGET /stream/migrate-media-data [32m201[0m 3547.592 ms - 361[0m
[0mGET /stream/migrate-media-data [32m201[0m 3546.454 ms - 378[0m
[0mGET /stream/migrate-media-data [32m201[0m 2974.019 ms - 378[0m
[0mGET /stream/migrate-media-data [32m201[0m 2706.365 ms - 378[0m
[0mGET /stream/migrate-media-data [32m201[0m 38199.741 ms - 378[0m
[0mGET /stream/migrate-media-data [32m201[0m 3803.380 ms - 378[0m
[0mGET /stream/migrate-media-data [32m201[0m 3171.761 ms - 373[0m
[0mGET /stream/migrate-media-data [32m201[0m 3051.543 ms - 378[0m
[0mGET /stream/migrate-media-data [32m201[0m 3245.166 ms - 378[0m
[0mGET /stream/migrate-media-data [32m201[0m 3676.607 ms - 373[0m
[0mGET /stream/migrate-media-data [0m-[0m - ms - -[0m
[0mGET /stream/migrate-media-data [32m200[0m 6355.722 ms - 25[0m
[0mGET /stream/migrate-media-data [36m304[0m 7370.762 ms - -[0m
[0mGET /stream/migrate-media-data [36m304[0m 6792.621 ms - -[0m
[0mGET /stream/migrate-media-data [36m304[0m 6237.563 ms - -[0m
[0mGET /stream/migrate-media-data [36m304[0m 6224.622 ms - -[0m
[0mGET /stream/migrate-media-data [36m304[0m 6100.828 ms - -[0m
[0mGET /stream/migrate-media-data [36m304[0m 5895.592 ms - -[0m
[0mGET /stream/migrate-media-data [36m304[0m 5713.980 ms - -[0m
[0mGET /stream/migrate-media-data [36m304[0m 6640.350 ms - -[0m
[0mGET /stream/migrate-media-data [36m304[0m 40716.707 ms - -[0m
[0mGET /stream/migrate-media-data [36m304[0m 5829.408 ms - -[0m
[0mGET /stream/migrate-media-data [36m304[0m 6355.687 ms - -[0m
[0mGET /stream/migrate-media-data [36m304[0m 6174.655 ms - -[0m
[0mGET /stream/migrate-media-data [36m304[0m 6517.643 ms - -[0m
[0mGET /media [32m200[0m 113.513 ms - 47339[0m
[0mGET /minister [31m500[0m 53.413 ms - 28[0m
[0mGET /stream/join [31m500[0m 2705.463 ms - 18[0m
[0mGET /stream/join [32m200[0m 1015.957 ms - 72[0m
[0mGET /stream/join [0m-[0m - ms - -[0m
[0mGET /stream/join [32m200[0m 2556.904 ms - 72[0m
[0mGET /stream/join [36m304[0m 1089.132 ms - -[0m
[0mGET /stream/join?minister=616ae171b1f2d5501b59c307 [32m200[0m 1102.359 ms - 72[0m
[0mGET /stream/join?minister=616ae171b1f2d5501b59c307 [36m304[0m 1101.069 ms - -[0m
[0mGET /stream/join?minister=616ae171b1f2d5501b59c307 [36m304[0m 1103.536 ms - -[0m
[0mGET /stream/join?minister=616aeed837d8e9f7077694f7 [31m500[0m 22.892 ms - 18[0m
[0mGET /stream/join?minister=616aeed837d8e9f7077694f7 [31m500[0m 22.143 ms - 18[0m
[0mGET /stream/join?minister=616aeed837d8e9f7077694f7 [31m500[0m 21.893 ms - 18[0m
[0mGET /stream/join?minister=616aeed837d8e9f7077694f7 [31m500[0m 37.322 ms - 18[0m
[0mGET /stream/join?minister=616aeed837d8e9f7077694f7 [31m500[0m 49.562 ms - 18[0m
[0mGET /stream/join?minister=616aeed837d8e9f7077694f7 [31m500[0m 21.550 ms - 18[0m
[0mGET /stream/join?minister=616aeed837d8e9f7077694f7 [31m500[0m 6464.319 ms - 18[0m
[0mGET /stream/join?minister=616aeed837d8e9f7077694f7 [31m500[0m 22.443 ms - 18[0m
[0mGET /stream/join?minister=616aeed837d8e9f7077694f7 [31m500[0m 21.506 ms - 18[0m
[0mGET /stream/join?minister=616aeed837d8e9f7077694f7 [31m500[0m 7279.197 ms - 18[0m
[0mGET /stream/join?minister=616aeed837d8e9f7077694f7 [31m500[0m 24.491 ms - 18[0m
[0mGET /stream/join?minister=616aeed837d8e9f7077694f7 [31m500[0m 20.683 ms - 18[0m
[0mGET /stream/join?minister=616aeed837d8e9f7077694f7 [31m500[0m 21.589 ms - 18[0m
[0mGET /stream/join?minister=616aeed837d8e9f7077694f7 [31m500[0m 21.853 ms - 18[0m
[0mGET /stream/join?minister=616aeed837d8e9f7077694f7 [31m500[0m 23.346 ms - 18[0m
[0mGET /stream/join?minister=616aeed837d8e9f7077694f7 [31m500[0m 1246.279 ms - 18[0m
[0mGET /stream/join?minister=616aeed837d8e9f7077694f7 [31m500[0m 7430.137 ms - 18[0m
[0mGET /stream/join?minister=616aeed837d8e9f7077694f7 [31m500[0m 8342.688 ms - 18[0m
[0mGET /stream/join?minister=616aeed837d8e9f7077694f7 [31m500[0m 21.365 ms - 18[0m
[0mGET /stream/join?minister=616aeed837d8e9f7077694f7 [31m500[0m 23.912 ms - 18[0m
[0mGET /stream/join?minister=616aeed837d8e9f7077694f7 [31m500[0m 20.849 ms - 57[0m
[0mGET /stream/join?minister=616aeed837d8e9f7077694f7 [31m500[0m 21.614 ms - 57[0m
[0mGET /stream/join?minister=616aeed837d8e9f7077694f7 [31m500[0m 8515.212 ms - 55[0m
[0mGET /stream/join?minister=616aeed837d8e9f7077694f7 [31m500[0m 8644.986 ms - 55[0m
[0mGET /stream/join?minister=616aeed837d8e9f7077694f7 [31m500[0m 20.930 ms - 57[0m
[0mGET /stream/join?minister=616aeed837d8e9f7077694f7 [31m500[0m 8379.714 ms - 55[0m
[0mGET /stream/join?minister=616aeed837d8e9f7077694f7 [31m500[0m 8402.574 ms - 55[0m
[0mGET /stream/join?minister=616aeed837d8e9f7077694f7 [31m500[0m 9660.762 ms - 55[0m
[0mGET /stream/join?minister=616aeed837d8e9f7077694f7 [31m500[0m 6955.340 ms - 55[0m
[0mGET /stream/join?minister=616aeed837d8e9f7077694f7 [31m500[0m 7555.964 ms - 55[0m
[0mGET /stream/join [32m200[0m 1131.420 ms - 101[0m
[0mGET /stream/join [36m304[0m 6330.079 ms - -[0m
[0mGET /stream/join [36m304[0m 1105.684 ms - -[0m
[0mGET /stream/join?startTime=1140 [32m200[0m 1131.240 ms - 101[0m
[0mGET /stream/join?startTime=1140 [36m304[0m 1065.373 ms - -[0m
[0mGET /stream/join?startTime=1140 [36m304[0m 1034.927 ms - -[0m
[0mGET /stream/join?startTime=1140 [31m500[0m 443.105 ms - 55[0m
[0mGET /stream/join?startTime=1140 [31m500[0m 481.553 ms - 55[0m
[0mGET /stream/join?startTime=1140 [31m500[0m 535.258 ms - 55[0m
[0mGET /stream/join?startTime=1140 [32m200[0m 1013.923 ms - 101[0m
[0mGET /stream/join?startTime=1210 [32m200[0m 1038.876 ms - 101[0m
[0mGET /stream/join?startTime=1210 [36m304[0m 1041.919 ms - -[0m
[0mGET /stream/join?startTime=1210 [36m304[0m 982.344 ms - -[0m
[0mGET /stream/join?startTime=1210 [36m304[0m 1067.029 ms - -[0m
[0mGET /stream/join?startTime=1210 [36m304[0m 942.184 ms - -[0m
[0mGET /stream/join [0m-[0m - ms - -[0m
[0mGET /stream/join [32m200[0m 1001.071 ms - 104[0m
[0mGET /favicon.ico [33m404[0m 4.775 ms - 150[0m
[0mGET /stream/join [36m304[0m 743.688 ms - -[0m
[0mGET /stream/join [36m304[0m 660.397 ms - -[0m
[0mGET /stream/join [31m500[0m 435.597 ms - 55[0m
[0mGET /stream/join [32m200[0m 967.593 ms - 101[0m
[0mGET /stream/join [36m304[0m 712.604 ms - -[0m
[0mGET /stream/join [31m500[0m 1781.196 ms - 55[0m
[0mGET /stream/join [31m500[0m 492.391 ms - 55[0m
[0mGET /stream/join [31m500[0m 457.731 ms - 55[0m
[0mGET /stream/join [31m500[0m 1896.763 ms - 55[0m
[0mGET /stream/join [31m500[0m 2527.819 ms - 55[0m
[0mGET /stream/join [31m500[0m 3057.084 ms - 55[0m
[0mGET /stream/join [31m500[0m 6593.771 ms - 55[0m
[0mGET /stream/join [32m200[0m 6167.659 ms - 104[0m
[0mGET /stream/join [32m200[0m 748.910 ms - 101[0m
[0mGET /stream/join [36m304[0m 699.078 ms - -[0m
[0mGET /stream/join [36m304[0m 5919.611 ms - -[0m
[0mGET /stream/join [32m200[0m 6337.206 ms - 99[0m
[0mGET /stream/join [36m304[0m 1012.020 ms - -[0m
[0mGET /stream/join [36m304[0m 1135.886 ms - -[0m
[0mGET /stream/join [32m200[0m 1031.380 ms - 101[0m
[0mGET /stream/join [32m200[0m 1350.857 ms - 99[0m
[0mGET /stream/join [36m304[0m 1218.216 ms - -[0m
[0mGET /stream/join [36m304[0m 567.109 ms - -[0m
[0mGET /stream/join [36m304[0m 883.136 ms - -[0m
[0mGET /stream/join [36m304[0m 915.668 ms - -[0m
[0mGET /stream/join [36m304[0m 565.015 ms - -[0m
[0mGET /stream/join [36m304[0m 1021.747 ms - -[0m
[0mGET /stream/join [32m200[0m 1028.644 ms - 101[0m
[0mGET /stream/join [0m-[0m - ms - -[0m
[0mGET /stream/join [32m200[0m 1049.019 ms - 99[0m
[0mGET /stream/join [32m200[0m 1752.491 ms - 104[0m
[0mGET /favicon.ico [33m404[0m 3.823 ms - 150[0m
[0mGET /stream/join [31m500[0m 1611.169 ms - 55[0m
[0mGET /stream/join [32m200[0m 11660.465 ms - 101[0m
[0mGET /stream/join [31m500[0m 7182.742 ms - 55[0m
[0mGET /stream/join [32m200[0m 6387.656 ms - 101[0m
[0mGET /stream/join [31m500[0m 7142.719 ms - 55[0m
[0mGET /stream/join [32m200[0m 6454.118 ms - 101[0m
[0mGET /stream/join [31m500[0m 12007.485 ms - 55[0m
[0mGET /stream/join [32m200[0m 1171.161 ms - 101[0m
[0mGET /stream/join [31m500[0m 10.741 ms - 57[0m
[0mGET /stream/join [31m500[0m 22.565 ms - 57[0m
[0mGET /stream/join [31m500[0m 8.684 ms - 57[0m
[0mGET /stream/join [32m200[0m 1043.642 ms - 101[0m
[0mGET /stream/join [36m304[0m 6226.711 ms - -[0m
[0mGET /stream/join [31m500[0m 2387.694 ms - 55[0m
[0mGET /stream/join [32m200[0m 11417.951 ms - 101[0m
[0mGET /stream/join [36m304[0m 1078.882 ms - -[0m
[0mGET /stream/join [32m200[0m 22.729 ms - 102[0m
[0mGET /stream/join [0m-[0m - ms - -[0m
[0mGET /stream/join [32m200[0m 32.860 ms - 110[0m
[0mGET /stream/join [36m304[0m 26.381 ms - -[0m
[0mGET /stream/join [32m200[0m 1191.472 ms - 109[0m
[0mGET /stream/join [32m200[0m 6.990 ms - 110[0m
[0mGET /stream/join [36m304[0m 27.885 ms - -[0m
[0mGET /stream/join [36m304[0m 25.958 ms - -[0m
[0mGET /stream/join [36m304[0m 731.502 ms - -[0m
[0mGET /stream/join [36m304[0m 825.801 ms - -[0m
[0mGET /stream/join [36m304[0m 719.149 ms - -[0m
[0mGET /stream/join [36m304[0m 535.657 ms - -[0m
[0mGET /stream/join [36m304[0m 22516.139 ms - -[0m
[0mGET /stream/join [36m304[0m 887.503 ms - -[0m
[0mGET /stream/join [36m304[0m 578.887 ms - -[0m
[0mGET /stream/join [32m200[0m 2078.092 ms - 109[0m
[0mGET /stream/join [32m200[0m 656.230 ms - 110[0m
[0mGET /stream/join [31m500[0m 27.434 ms - 57[0m
[0mGET /stream/join [31m500[0m 8.211 ms - 57[0m
[0mGET /stream/join [31m500[0m 21.836 ms - 57[0m
[0mGET /stream/join [31m500[0m 24.536 ms - 57[0m
[0mGET /stream/join [32m200[0m 1659.639 ms - 109[0m
